GC Precious Log:
 CPUs: 8 total, 8 available
 Memory: 16275M
 Large Page Support: Disabled
 NUMA Support: Disabled
 Compressed Oops: Enabled (32-bit)
 Alignments: Space 512K, Generation 512K, Heap 2M
 Heap Min Capacity: 100M
 Heap Initial Capacity: 100M
 Heap Max Capacity: 1G
 Pre-touch: Disabled
 Parallel Workers: 8
Heap:
 PSYoungGen      total 4096K, used 1173K [0x00000000eab00000, 0x00000000eb080000, 0x0000000100000000)
  eden space 2048K, 40% used [0x00000000eab00000,0x00000000eabcd418,0x00000000ead00000)
  from space 2048K, 17% used [0x00000000ead80000,0x00000000eadd8000,0x00000000eaf80000)
  to   space 1024K, 0% used [0x00000000eaf80000,0x00000000eaf80000,0x00000000eb080000)
 ParOldGen       total 123392K, used 117356K [0x00000000c0000000, 0x00000000c7880000, 0x00000000eab00000)
  object space 123392K, 95% used [0x00000000c0000000,0x00000000c729b010,0x00000000c7880000)
 Metaspace       used 75294K, committed 76288K, reserved 1122304K
  class space    used 7728K, committed 8128K, reserved 1048576K
GC Heap History (20 events):
Event: 273.542 GC heap before
{Heap before GC invocations=359 (full 7):
 PSYoungGen      total 3072K, used 3072K [0x00000000eab00000, 0x00000000eb280000, 0x0000000100000000)
  eden space 1536K, 100% used [0x00000000eab00000,0x00000000eac80000,0x00000000eac80000)
  from space 1536K, 100% used [0x00000000eac80000,0x00000000eae00000,0x00000000eae00000)
  to   space 3072K, 0% used [0x00000000eaf80000,0x00000000eaf80000,0x00000000eb280000)
 ParOldGen       total 123392K, used 107234K [0x00000000c0000000, 0x00000000c7880000, 0x00000000eab00000)
  object space 123392K, 86% used [0x00000000c0000000,0x00000000c68b8968,0x00000000c7880000)
 Metaspace       used 75189K, committed 76224K, reserved 1122304K
  class space    used 7723K, committed 8128K, reserved 1048576K
}
Event: 273.546 GC heap after
{Heap after GC invocations=359 (full 7):
 PSYoungGen      total 3584K, used 1376K [0x00000000eab00000, 0x00000000eb100000, 0x0000000100000000)
  eden space 2048K, 0% used [0x00000000eab00000,0x00000000eab00000,0x00000000ead00000)
  from space 1536K, 89% used [0x00000000eaf80000,0x00000000eb0d8000,0x00000000eb100000)
  to   space 2048K, 0% used [0x00000000ead00000,0x00000000ead00000,0x00000000eaf00000)
 ParOldGen       total 123392K, used 108762K [0x00000000c0000000, 0x00000000c7880000, 0x00000000eab00000)
  object space 123392K, 88% used [0x00000000c0000000,0x00000000c6a36968,0x00000000c7880000)
 Metaspace       used 75189K, committed 76224K, reserved 1122304K
  class space    used 7723K, committed 8128K, reserved 1048576K
}
Event: 273.561 GC heap before
{Heap before GC invocations=360 (full 7):
 PSYoungGen      total 3584K, used 3424K [0x00000000eab00000, 0x00000000eb100000, 0x0000000100000000)
  eden space 2048K, 100% used [0x00000000eab00000,0x00000000ead00000,0x00000000ead00000)
  from space 1536K, 89% used [0x00000000eaf80000,0x00000000eb0d8000,0x00000000eb100000)
  to   space 2048K, 0% used [0x00000000ead00000,0x00000000ead00000,0x00000000eaf00000)
 ParOldGen       total 123392K, used 108762K [0x00000000c0000000, 0x00000000c7880000, 0x00000000eab00000)
  object space 123392K, 88% used [0x00000000c0000000,0x00000000c6a36968,0x00000000c7880000)
 Metaspace       used 75192K, committed 76224K, reserved 1122304K
  class space    used 7723K, committed 8128K, reserved 1048576K
}
Event: 273.564 GC heap after
{Heap after GC invocations=360 (full 7):
 PSYoungGen      total 4096K, used 928K [0x00000000eab00000, 0x00000000eb080000, 0x0000000100000000)
  eden space 2048K, 0% used [0x00000000eab00000,0x00000000eab00000,0x00000000ead00000)
  from space 2048K, 45% used [0x00000000ead00000,0x00000000eade8000,0x00000000eaf00000)
  to   space 1536K, 0% used [0x00000000eaf00000,0x00000000eaf00000,0x00000000eb080000)
 ParOldGen       total 123392K, used 110012K [0x00000000c0000000, 0x00000000c7880000, 0x00000000eab00000)
  object space 123392K, 89% used [0x00000000c0000000,0x00000000c6b6f268,0x00000000c7880000)
 Metaspace       used 75192K, committed 76224K, reserved 1122304K
  class space    used 7723K, committed 8128K, reserved 1048576K
}
Event: 274.354 GC heap before
{Heap before GC invocations=361 (full 7):
 PSYoungGen      total 4096K, used 2976K [0x00000000eab00000, 0x00000000eb080000, 0x0000000100000000)
  eden space 2048K, 100% used [0x00000000eab00000,0x00000000ead00000,0x00000000ead00000)
  from space 2048K, 45% used [0x00000000ead00000,0x00000000eade8000,0x00000000eaf00000)
  to   space 1536K, 0% used [0x00000000eaf00000,0x00000000eaf00000,0x00000000eb080000)
 ParOldGen       total 123392K, used 110012K [0x00000000c0000000, 0x00000000c7880000, 0x00000000eab00000)
  object space 123392K, 89% used [0x00000000c0000000,0x00000000c6b6f268,0x00000000c7880000)
 Metaspace       used 75215K, committed 76224K, reserved 1122304K
  class space    used 7723K, committed 8128K, reserved 1048576K
}
Event: 274.355 GC heap after
{Heap after GC invocations=361 (full 7):
 PSYoungGen      total 2560K, used 288K [0x00000000eab00000, 0x00000000eaf80000, 0x0000000100000000)
  eden space 2048K, 0% used [0x00000000eab00000,0x00000000eab00000,0x00000000ead00000)
  from space 512K, 56% used [0x00000000eaf00000,0x00000000eaf48000,0x00000000eaf80000)
  to   space 1024K, 0% used [0x00000000ead80000,0x00000000ead80000,0x00000000eae80000)
 ParOldGen       total 123392K, used 110286K [0x00000000c0000000, 0x00000000c7880000, 0x00000000eab00000)
  object space 123392K, 89% used [0x00000000c0000000,0x00000000c6bb3b88,0x00000000c7880000)
 Metaspace       used 75215K, committed 76224K, reserved 1122304K
  class space    used 7723K, committed 8128K, reserved 1048576K
}
Event: 274.806 GC heap before
{Heap before GC invocations=362 (full 7):
 PSYoungGen      total 2560K, used 2326K [0x00000000eab00000, 0x00000000eaf80000, 0x0000000100000000)
  eden space 2048K, 99% used [0x00000000eab00000,0x00000000eacfdae8,0x00000000ead00000)
  from space 512K, 56% used [0x00000000eaf00000,0x00000000eaf48000,0x00000000eaf80000)
  to   space 1024K, 0% used [0x00000000ead80000,0x00000000ead80000,0x00000000eae80000)
 ParOldGen       total 123392K, used 112169K [0x00000000c0000000, 0x00000000c7880000, 0x00000000eab00000)
  object space 123392K, 90% used [0x00000000c0000000,0x00000000c6d8a4c8,0x00000000c7880000)
 Metaspace       used 75229K, committed 76288K, reserved 1122304K
  class space    used 7723K, committed 8128K, reserved 1048576K
}
Event: 274.807 GC heap after
{Heap after GC invocations=362 (full 7):
 PSYoungGen      total 3072K, used 1020K [0x00000000eab00000, 0x00000000eb100000, 0x0000000100000000)
  eden space 2048K, 0% used [0x00000000eab00000,0x00000000eab00000,0x00000000ead00000)
  from space 1024K, 99% used [0x00000000ead80000,0x00000000eae7f310,0x00000000eae80000)
  to   space 2048K, 0% used [0x00000000eaf00000,0x00000000eaf00000,0x00000000eb100000)
 ParOldGen       total 123392K, used 112904K [0x00000000c0000000, 0x00000000c7880000, 0x00000000eab00000)
  object space 123392K, 91% used [0x00000000c0000000,0x00000000c6e42228,0x00000000c7880000)
 Metaspace       used 75229K, committed 76288K, reserved 1122304K
  class space    used 7723K, committed 8128K, reserved 1048576K
}
Event: 274.865 GC heap before
{Heap before GC invocations=363 (full 7):
 PSYoungGen      total 3072K, used 3068K [0x00000000eab00000, 0x00000000eb100000, 0x0000000100000000)
  eden space 2048K, 100% used [0x00000000eab00000,0x00000000ead00000,0x00000000ead00000)
  from space 1024K, 99% used [0x00000000ead80000,0x00000000eae7f310,0x00000000eae80000)
  to   space 2048K, 0% used [0x00000000eaf00000,0x00000000eaf00000,0x00000000eb100000)
 ParOldGen       total 123392K, used 112904K [0x00000000c0000000, 0x00000000c7880000, 0x00000000eab00000)
  object space 123392K, 91% used [0x00000000c0000000,0x00000000c6e42228,0x00000000c7880000)
 Metaspace       used 75245K, committed 76288K, reserved 1122304K
  class space    used 7724K, committed 8128K, reserved 1048576K
}
Event: 274.866 GC heap after
{Heap after GC invocations=363 (full 7):
 PSYoungGen      total 2560K, used 448K [0x00000000eab00000, 0x00000000eaf80000, 0x0000000100000000)
  eden space 2048K, 0% used [0x00000000eab00000,0x00000000eab00000,0x00000000ead00000)
  from space 512K, 87% used [0x00000000eaf00000,0x00000000eaf70000,0x00000000eaf80000)
  to   space 1024K, 0% used [0x00000000ead80000,0x00000000ead80000,0x00000000eae80000)
 ParOldGen       total 123392K, used 112968K [0x00000000c0000000, 0x00000000c7880000, 0x00000000eab00000)
  object space 123392K, 91% used [0x00000000c0000000,0x00000000c6e52228,0x00000000c7880000)
 Metaspace       used 75245K, committed 76288K, reserved 1122304K
  class space    used 7724K, committed 8128K, reserved 1048576K
}
Event: 275.314 GC heap before
{Heap before GC invocations=364 (full 7):
 PSYoungGen      total 2560K, used 2496K [0x00000000eab00000, 0x00000000eaf80000, 0x0000000100000000)
  eden space 2048K, 100% used [0x00000000eab00000,0x00000000ead00000,0x00000000ead00000)
  from space 512K, 87% used [0x00000000eaf00000,0x00000000eaf70000,0x00000000eaf80000)
  to   space 1024K, 0% used [0x00000000ead80000,0x00000000ead80000,0x00000000eae80000)
 ParOldGen       total 123392K, used 112968K [0x00000000c0000000, 0x00000000c7880000, 0x00000000eab00000)
  object space 123392K, 91% used [0x00000000c0000000,0x00000000c6e52228,0x00000000c7880000)
 Metaspace       used 75251K, committed 76288K, reserved 1122304K
  class space    used 7724K, committed 8128K, reserved 1048576K
}
Event: 275.315 GC heap after
{Heap after GC invocations=364 (full 7):
 PSYoungGen      total 3072K, used 992K [0x00000000eab00000, 0x00000000eb000000, 0x0000000100000000)
  eden space 2048K, 0% used [0x00000000eab00000,0x00000000eab00000,0x00000000ead00000)
  from space 1024K, 96% used [0x00000000ead80000,0x00000000eae780d8,0x00000000eae80000)
  to   space 1536K, 0% used [0x00000000eae80000,0x00000000eae80000,0x00000000eb000000)
 ParOldGen       total 123392K, used 113277K [0x00000000c0000000, 0x00000000c7880000, 0x00000000eab00000)
  object space 123392K, 91% used [0x00000000c0000000,0x00000000c6e9f478,0x00000000c7880000)
 Metaspace       used 75251K, committed 76288K, reserved 1122304K
  class space    used 7724K, committed 8128K, reserved 1048576K
}
Event: 275.596 GC heap before
{Heap before GC invocations=365 (full 7):
 PSYoungGen      total 3072K, used 2909K [0x00000000eab00000, 0x00000000eb000000, 0x0000000100000000)
  eden space 2048K, 93% used [0x00000000eab00000,0x00000000eacdf440,0x00000000ead00000)
  from space 1024K, 96% used [0x00000000ead80000,0x00000000eae780d8,0x00000000eae80000)
  to   space 1536K, 0% used [0x00000000eae80000,0x00000000eae80000,0x00000000eb000000)
 ParOldGen       total 123392K, used 113277K [0x00000000c0000000, 0x00000000c7880000, 0x00000000eab00000)
  object space 123392K, 91% used [0x00000000c0000000,0x00000000c6e9f478,0x00000000c7880000)
 Metaspace       used 75251K, committed 76288K, reserved 1122304K
  class space    used 7724K, committed 8128K, reserved 1048576K
}
Event: 275.598 GC heap after
{Heap after GC invocations=365 (full 7):
 PSYoungGen      total 2560K, used 383K [0x00000000eab00000, 0x00000000eaf00000, 0x0000000100000000)
  eden space 2048K, 0% used [0x00000000eab00000,0x00000000eab00000,0x00000000ead00000)
  from space 512K, 74% used [0x00000000eae80000,0x00000000eaedfd10,0x00000000eaf00000)
  to   space 1024K, 0% used [0x00000000ead00000,0x00000000ead00000,0x00000000eae00000)
 ParOldGen       total 123392K, used 113933K [0x00000000c0000000, 0x00000000c7880000, 0x00000000eab00000)
  object space 123392K, 92% used [0x00000000c0000000,0x00000000c6f435f0,0x00000000c7880000)
 Metaspace       used 75251K, committed 76288K, reserved 1122304K
  class space    used 7724K, committed 8128K, reserved 1048576K
}
Event: 275.603 GC heap before
{Heap before GC invocations=366 (full 7):
 PSYoungGen      total 2560K, used 2431K [0x00000000eab00000, 0x00000000eaf00000, 0x0000000100000000)
  eden space 2048K, 100% used [0x00000000eab00000,0x00000000ead00000,0x00000000ead00000)
  from space 512K, 74% used [0x00000000eae80000,0x00000000eaedfd10,0x00000000eaf00000)
  to   space 1024K, 0% used [0x00000000ead00000,0x00000000ead00000,0x00000000eae00000)
 ParOldGen       total 123392K, used 113933K [0x00000000c0000000, 0x00000000c7880000, 0x00000000eab00000)
  object space 123392K, 92% used [0x00000000c0000000,0x00000000c6f435f0,0x00000000c7880000)
 Metaspace       used 75251K, committed 76288K, reserved 1122304K
  class space    used 7724K, committed 8128K, reserved 1048576K
}
Event: 275.605 GC heap after
{Heap after GC invocations=366 (full 7):
 PSYoungGen      total 3072K, used 1022K [0x00000000eab00000, 0x00000000eb300000, 0x0000000100000000)
  eden space 2048K, 0% used [0x00000000eab00000,0x00000000eab00000,0x00000000ead00000)
  from space 1024K, 99% used [0x00000000ead00000,0x00000000eadffa20,0x00000000eae00000)
  to   space 3072K, 0% used [0x00000000eb000000,0x00000000eb000000,0x00000000eb300000)
 ParOldGen       total 123392K, used 115157K [0x00000000c0000000, 0x00000000c7880000, 0x00000000eab00000)
  object space 123392K, 93% used [0x00000000c0000000,0x00000000c70755f0,0x00000000c7880000)
 Metaspace       used 75251K, committed 76288K, reserved 1122304K
  class space    used 7724K, committed 8128K, reserved 1048576K
}
Event: 275.615 GC heap before
{Heap before GC invocations=367 (full 7):
 PSYoungGen      total 3072K, used 3070K [0x00000000eab00000, 0x00000000eb300000, 0x0000000100000000)
  eden space 2048K, 100% used [0x00000000eab00000,0x00000000ead00000,0x00000000ead00000)
  from space 1024K, 99% used [0x00000000ead00000,0x00000000eadffa20,0x00000000eae00000)
  to   space 3072K, 0% used [0x00000000eb000000,0x00000000eb000000,0x00000000eb300000)
 ParOldGen       total 123392K, used 115157K [0x00000000c0000000, 0x00000000c7880000, 0x00000000eab00000)
  object space 123392K, 93% used [0x00000000c0000000,0x00000000c70755f0,0x00000000c7880000)
 Metaspace       used 75251K, committed 76288K, reserved 1122304K
  class space    used 7724K, committed 8128K, reserved 1048576K
}
Event: 275.617 GC heap after
{Heap after GC invocations=367 (full 7):
 PSYoungGen      total 3584K, used 1312K [0x00000000eab00000, 0x00000000eb180000, 0x0000000100000000)
  eden space 2048K, 0% used [0x00000000eab00000,0x00000000eab00000,0x00000000ead00000)
  from space 1536K, 85% used [0x00000000eb000000,0x00000000eb148000,0x00000000eb180000)
  to   space 2048K, 0% used [0x00000000ead80000,0x00000000ead80000,0x00000000eaf80000)
 ParOldGen       total 123392K, used 116172K [0x00000000c0000000, 0x00000000c7880000, 0x00000000eab00000)
  object space 123392K, 94% used [0x00000000c0000000,0x00000000c7173010,0x00000000c7880000)
 Metaspace       used 75251K, committed 76288K, reserved 1122304K
  class space    used 7724K, committed 8128K, reserved 1048576K
}
Event: 275.629 GC heap before
{Heap before GC invocations=368 (full 7):
 PSYoungGen      total 3584K, used 3360K [0x00000000eab00000, 0x00000000eb180000, 0x0000000100000000)
  eden space 2048K, 100% used [0x00000000eab00000,0x00000000ead00000,0x00000000ead00000)
  from space 1536K, 85% used [0x00000000eb000000,0x00000000eb148000,0x00000000eb180000)
  to   space 2048K, 0% used [0x00000000ead80000,0x00000000ead80000,0x00000000eaf80000)
 ParOldGen       total 123392K, used 116172K [0x00000000c0000000, 0x00000000c7880000, 0x00000000eab00000)
  object space 123392K, 94% used [0x00000000c0000000,0x00000000c7173010,0x00000000c7880000)
 Metaspace       used 75253K, committed 76288K, reserved 1122304K
  class space    used 7724K, committed 8128K, reserved 1048576K
}
Event: 275.631 GC heap after
{Heap after GC invocations=368 (full 7):
 PSYoungGen      total 4096K, used 352K [0x00000000eab00000, 0x00000000eb080000, 0x0000000100000000)
  eden space 2048K, 0% used [0x00000000eab00000,0x00000000eab00000,0x00000000ead00000)
  from space 2048K, 17% used [0x00000000ead80000,0x00000000eadd8000,0x00000000eaf80000)
  to   space 1024K, 0% used [0x00000000eaf80000,0x00000000eaf80000,0x00000000eb080000)
 ParOldGen       total 123392K, used 117356K [0x00000000c0000000, 0x00000000c7880000, 0x00000000eab00000)
  object space 123392K, 95% used [0x00000000c0000000,0x00000000c729b010,0x00000000c7880000)
 Metaspace       used 75253K, committed 76288K, reserved 1122304K
  class space    used 7724K, committed 8128K, reserved 1048576K
}

